Info: Starting: Create block symbol file (.bsf)
Info: ip-generate --project-directory=/home/aszdrick/ufsc/soII/INE5424_FinalProject/hardware/Qsys_NiosII_SoC/ --output-directory=/home/aszdrick/ufsc/soII/INE5424_FinalProject/hardware/Qsys_NiosII_SoC/NiosII_SoC/ --report-file=bsf:/home/aszdrick/ufsc/soII/INE5424_FinalProject/hardware/Qsys_NiosII_SoC/NiosII_SoC.bsf --system-info=DEVICE_FAMILY="Cyclone II" --system-info=DEVICE=EP2C35F672C6 --system-info=DEVICE_SPEEDGRADE=6 --component-file=/home/aszdrick/ufsc/soII/INE5424_FinalProject/hardware/Qsys_NiosII_SoC/NiosII_SoC.qsys
Progress: Loading Qsys_NiosII_SoC/NiosII_SoC.qsys
Progress: Reading input file
Progress: Adding clk [clock_source 13.0]
Progress: Parameterizing module clk
Progress: Adding nios2 [altera_nios2_qsys 13.0]
Progress: Parameterizing module nios2
Progress: Adding jtag_uart [altera_avalon_jtag_uart 13.0.1.99.2]
Progress: Parameterizing module jtag_uart
Progress: Adding onchip_memory [altera_avalon_onchip_memory2 13.0.1.99.2]
Progress: Parameterizing module onchip_memory
Progress: Adding semaphore [Semaphore 1.0]
Progress: Parameterizing module semaphore
Progress: Building connections
Progress: Parameterizing connections
Progress: Validating
Progress: Done reading input file
Info: ip-generate succeeded.
Info: Finished: Create block symbol file (.bsf)
Info: 
Info: Starting: Create HDL design files for synthesis
Info: ip-generate --project-directory=/home/aszdrick/ufsc/soII/INE5424_FinalProject/hardware/Qsys_NiosII_SoC/ --output-directory=/home/aszdrick/ufsc/soII/INE5424_FinalProject/hardware/Qsys_NiosII_SoC/NiosII_SoC/synthesis/ --file-set=QUARTUS_SYNTH --report-file=sopcinfo:/home/aszdrick/ufsc/soII/INE5424_FinalProject/hardware/Qsys_NiosII_SoC/NiosII_SoC.sopcinfo --report-file=html:/home/aszdrick/ufsc/soII/INE5424_FinalProject/hardware/Qsys_NiosII_SoC/NiosII_SoC.html --report-file=qip:/home/aszdrick/ufsc/soII/INE5424_FinalProject/hardware/Qsys_NiosII_SoC/NiosII_SoC/synthesis/NiosII_SoC.qip --report-file=cmp:/home/aszdrick/ufsc/soII/INE5424_FinalProject/hardware/Qsys_NiosII_SoC/NiosII_SoC.cmp --report-file=svd --system-info=DEVICE_FAMILY="Cyclone II" --system-info=DEVICE=EP2C35F672C6 --system-info=DEVICE_SPEEDGRADE=6 --component-file=/home/aszdrick/ufsc/soII/INE5424_FinalProject/hardware/Qsys_NiosII_SoC/NiosII_SoC.qsys --language=VERILOG
Progress: Loading Qsys_NiosII_SoC/NiosII_SoC.qsys
Progress: Reading input file
Progress: Adding clk [clock_source 13.0]
Progress: Parameterizing module clk
Progress: Adding nios2 [altera_nios2_qsys 13.0]
Progress: Parameterizing module nios2
Progress: Adding jtag_uart [altera_avalon_jtag_uart 13.0.1.99.2]
Progress: Parameterizing module jtag_uart
Progress: Adding onchip_memory [altera_avalon_onchip_memory2 13.0.1.99.2]
Progress: Parameterizing module onchip_memory
Progress: Adding semaphore [Semaphore 1.0]
Progress: Parameterizing module semaphore
Progress: Building connections
Progress: Parameterizing connections
Progress: Validating
Progress: Done reading input file
Info: NiosII_SoC: Generating NiosII_SoC "NiosII_SoC" for QUARTUS_SYNTH
Info: pipeline_bridge_swap_transform: After transform: 5 modules, 18 connections
Info: No custom instruction connections, skipping transform 
Info: merlin_translator_transform: After transform: 11 modules, 41 connections
Info: merlin_domain_transform: After transform: 22 modules, 110 connections
Info: merlin_router_transform: After transform: 28 modules, 133 connections
Info: merlin_traffic_limiter_transform: After transform: 30 modules, 143 connections
Info: reset_adaptation_transform: After transform: 32 modules, 120 connections
Info: merlin_network_to_switch_transform: After transform: 43 modules, 144 connections
Info: limiter_update_transform: After transform: 43 modules, 146 connections
Info: merlin_mm_transform: After transform: 43 modules, 146 connections
Info: merlin_interrupt_mapper_transform: After transform: 44 modules, 149 connections
Warning: NiosII_SoC: "No matching role found for rst_controller:reset_out:reset_req (reset_req)"
Warning: NiosII_SoC: "No matching role found for rst_controller:reset_out:reset_req (reset_req)"
Warning: NiosII_SoC: "No matching role found for rst_controller:reset_out:reset_req (reset_req)"
Warning: NiosII_SoC: "No matching role found for rst_controller:reset_out:reset_req (reset_req)"
Warning: NiosII_SoC: "No matching role found for rst_controller:reset_out:reset_req (reset_req)"
Warning: NiosII_SoC: "No matching role found for rst_controller:reset_out:reset_req (reset_req)"
Warning: NiosII_SoC: "No matching role found for rst_controller:reset_out:reset_req (reset_req)"
Warning: NiosII_SoC: "No matching role found for rst_controller:reset_out:reset_req (reset_req)"
Warning: NiosII_SoC: "No matching role found for rst_controller:reset_out:reset_req (reset_req)"
Warning: NiosII_SoC: "No matching role found for rst_controller:reset_out:reset_req (reset_req)"
Warning: NiosII_SoC: "No matching role found for rst_controller:reset_out:reset_req (reset_req)"
Warning: NiosII_SoC: "No matching role found for rst_controller:reset_out:reset_req (reset_req)"
Warning: NiosII_SoC: "No matching role found for rst_controller:reset_out:reset_req (reset_req)"
Warning: NiosII_SoC: "No matching role found for rst_controller:reset_out:reset_req (reset_req)"
Warning: NiosII_SoC: "No matching role found for rst_controller:reset_out:reset_req (reset_req)"
Warning: NiosII_SoC: "No matching role found for rst_controller:reset_out:reset_req (reset_req)"
Warning: NiosII_SoC: "No matching role found for rst_controller:reset_out:reset_req (reset_req)"
Warning: NiosII_SoC: "No matching role found for rst_controller:reset_out:reset_req (reset_req)"
Warning: NiosII_SoC: "No matching role found for rst_controller:reset_out:reset_req (reset_req)"
Warning: NiosII_SoC: "No matching role found for rst_controller:reset_out:reset_req (reset_req)"
Warning: NiosII_SoC: "No matching role found for rst_controller:reset_out:reset_req (reset_req)"
Warning: NiosII_SoC: "No matching role found for rst_controller:reset_out:reset_req (reset_req)"
Warning: NiosII_SoC: "No matching role found for rst_controller:reset_out:reset_req (reset_req)"
Warning: NiosII_SoC: "No matching role found for rst_controller:reset_out:reset_req (reset_req)"
Warning: NiosII_SoC: "No matching role found for rst_controller:reset_out:reset_req (reset_req)"
Warning: NiosII_SoC: "No matching role found for rst_controller:reset_out:reset_req (reset_req)"
Warning: NiosII_SoC: "No matching role found for rst_controller:reset_out:reset_req (reset_req)"
Warning: NiosII_SoC: "No matching role found for rst_controller:reset_out:reset_req (reset_req)"
Warning: NiosII_SoC: "No matching role found for rst_controller:reset_out:reset_req (reset_req)"
Warning: NiosII_SoC: "No matching role found for rst_controller:reset_out:reset_req (reset_req)"
Warning: NiosII_SoC: "No matching role found for rst_controller:reset_out:reset_req (reset_req)"
Warning: NiosII_SoC: "No matching role found for rst_controller:reset_out:reset_req (reset_req)"
Warning: NiosII_SoC: "No matching role found for rst_controller:reset_out:reset_req (reset_req)"
Info: nios2: Starting RTL generation for module 'NiosII_SoC_nios2'
Info: nios2:   Generation command is [exec /home/aszdrick/altera/13.0sp1/quartus/../ip/altera/nios2_ip/altera_nios2/eperl -I /home/aszdrick/altera/13.0sp1/quartus/common/ip/altera/common/perl/5.8.3 -I /home/aszdrick/altera/13.0sp1/quartus/sopc_builder/bin/europa -I /home/aszdrick/altera/13.0sp1/quartus/sopc_builder/bin/perl_lib -I /home/aszdrick/altera/13.0sp1/quartus/sopc_builder/bin -I /home/aszdrick/altera/13.0sp1/quartus/../ip/altera/nios2_ip/altera_nios2/cpu_lib -I /home/aszdrick/altera/13.0sp1/quartus/../ip/altera/nios2_ip/altera_nios2/nios_lib -I /home/aszdrick/altera/13.0sp1/quartus/../ip/altera/nios2_ip/altera_nios2 -I /home/aszdrick/altera/13.0sp1/quartus/../ip/altera/nios2_ip/altera_nios2 -- /home/aszdrick/altera/13.0sp1/quartus/../ip/altera/nios2_ip/altera_nios2/generate_rtl.epl --name=NiosII_SoC_nios2 --dir=/tmp/alt7103_1993864423117933637.dir/0397_nios2_gen/ --quartus_dir=/home/aszdrick/altera/13.0sp1/quartus --verilog --config=/tmp/alt7103_1993864423117933637.dir/0397_nios2_gen//NiosII_SoC_nios2_processor_configuration.pl  --do_build_sim=0    --bogus  ]
Info: nios2: # 2016.10.29 18:04:38 (*) Starting Nios II generation
Info: nios2: # 2016.10.29 18:04:38 (*)   Checking for plaintext license.
Info: nios2: # 2016.10.29 18:04:39 (*)   Couldn't query license setup in Quartus directory /home/aszdrick/altera/13.0sp1/quartus
Info: nios2: # 2016.10.29 18:04:39 (*)   Defaulting to contents of LM_LICENSE_FILE environment variable
Info: nios2: # 2016.10.29 18:04:39 (*)   LM_LICENSE_FILE environment variable is empty
Info: nios2: # 2016.10.29 18:04:39 (*)   Plaintext license not found.
Info: nios2: # 2016.10.29 18:04:39 (*)   Checking for encrypted license (non-evaluation).
Info: nios2: # 2016.10.29 18:04:40 (*)   Couldn't query license setup in Quartus directory /home/aszdrick/altera/13.0sp1/quartus
Info: nios2: # 2016.10.29 18:04:40 (*)   Defaulting to contents of LM_LICENSE_FILE environment variable
Info: nios2: # 2016.10.29 18:04:40 (*)   LM_LICENSE_FILE environment variable is empty
Info: nios2: # 2016.10.29 18:04:40 (*)   Encrypted license not found.  Defaulting to OCP evaluation license (produces a time-limited SOF)
Info: nios2: # 2016.10.29 18:04:40 (*)   Elaborating CPU configuration settings
Info: nios2: # 2016.10.29 18:04:40 (*)   Creating all objects for CPU
Info: nios2: # 2016.10.29 18:04:40 (*)     Testbench
Info: nios2: # 2016.10.29 18:04:40 (*)     Instruction decoding
Info: nios2: # 2016.10.29 18:04:40 (*)       Instruction fields
Info: nios2: # 2016.10.29 18:04:40 (*)       Instruction decodes
Info: nios2: # 2016.10.29 18:04:40 (*)       Signals for RTL simulation waveforms
Info: nios2: # 2016.10.29 18:04:40 (*)       Instruction controls
Info: nios2: # 2016.10.29 18:04:40 (*)     Pipeline frontend
Info: nios2: # 2016.10.29 18:04:41 (*)     Pipeline backend
Info: nios2: # 2016.10.29 18:04:42 (*)   Generating RTL from CPU objects
Info: nios2: # 2016.10.29 18:04:45 (*)   Creating encrypted RTL
Info: nios2: # 2016.10.29 18:04:46 (*) Done Nios II generation
Info: nios2: Done RTL generation for module 'NiosII_SoC_nios2'
Info: nios2: "NiosII_SoC" instantiated altera_nios2_qsys "nios2"
Info: jtag_uart: Starting RTL generation for module 'NiosII_SoC_jtag_uart'
Info: jtag_uart:   Generation command is [exec /home/aszdrick/altera/13.0sp1/quartus/linux/perl/bin/perl -I /home/aszdrick/altera/13.0sp1/quartus/common/ip/altera/common/perl/5.8.3 -I /home/aszdrick/altera/13.0sp1/quartus/sopc_builder/bin/europa -I /home/aszdrick/altera/13.0sp1/quartus/sopc_builder/bin/perl_lib -I /home/aszdrick/altera/13.0sp1/quartus/sopc_builder/bin -I /home/aszdrick/altera/13.0sp1/quartus/../ip/altera/sopc_builder_ip/common -I /home/aszdrick/altera/13.0sp1/quartus/../ip/altera/sopc_builder_ip/altera_avalon_jtag_uart -- /home/aszdrick/altera/13.0sp1/quartus/../ip/altera/sopc_builder_ip/altera_avalon_jtag_uart/generate_rtl.pl --name=NiosII_SoC_jtag_uart --dir=/tmp/alt7103_1993864423117933637.dir/0398_jtag_uart_gen/ --quartus_dir=/home/aszdrick/altera/13.0sp1/quartus --verilog --config=/tmp/alt7103_1993864423117933637.dir/0398_jtag_uart_gen//NiosII_SoC_jtag_uart_component_configuration.pl  --do_build_sim=0  ]
Info: jtag_uart: Done RTL generation for module 'NiosII_SoC_jtag_uart'
Info: jtag_uart: "NiosII_SoC" instantiated altera_avalon_jtag_uart "jtag_uart"
Info: onchip_memory: Starting RTL generation for module 'NiosII_SoC_onchip_memory'
Info: onchip_memory:   Generation command is [exec /home/aszdrick/altera/13.0sp1/quartus/linux/perl/bin/perl -I /home/aszdrick/altera/13.0sp1/quartus/common/ip/altera/common/perl/5.8.3 -I /home/aszdrick/altera/13.0sp1/quartus/sopc_builder/bin/europa -I /home/aszdrick/altera/13.0sp1/quartus/sopc_builder/bin/perl_lib -I /home/aszdrick/altera/13.0sp1/quartus/sopc_builder/bin -I /home/aszdrick/altera/13.0sp1/quartus/../ip/altera/sopc_builder_ip/common -I /home/aszdrick/altera/13.0sp1/quartus/../ip/altera/sopc_builder_ip/altera_avalon_onchip_memory2 -- /home/aszdrick/altera/13.0sp1/quartus/../ip/altera/sopc_builder_ip/altera_avalon_onchip_memory2/generate_rtl.pl --name=NiosII_SoC_onchip_memory --dir=/tmp/alt7103_1993864423117933637.dir/0399_onchip_memory_gen/ --quartus_dir=/home/aszdrick/altera/13.0sp1/quartus --verilog --config=/tmp/alt7103_1993864423117933637.dir/0399_onchip_memory_gen//NiosII_SoC_onchip_memory_component_configuration.pl  --do_build_sim=0  ]
Info: onchip_memory: Done RTL generation for module 'NiosII_SoC_onchip_memory'
Info: onchip_memory: "NiosII_SoC" instantiated altera_avalon_onchip_memory2 "onchip_memory"
Info: semaphore: "NiosII_SoC" instantiated Semaphore "semaphore"
Info: nios2_instruction_master_translator: "NiosII_SoC" instantiated altera_merlin_master_translator "nios2_instruction_master_translator"
Info: nios2_jtag_debug_module_translator: "NiosII_SoC" instantiated altera_merlin_slave_translator "nios2_jtag_debug_module_translator"
Info: nios2_instruction_master_translator_avalon_universal_master_0_agent: "NiosII_SoC" instantiated altera_merlin_master_agent "nios2_instruction_master_translator_avalon_universal_master_0_agent"
Info: nios2_jtag_debug_module_translator_avalon_universal_slave_0_agent: "NiosII_SoC" instantiated altera_merlin_slave_agent "nios2_jtag_debug_module_translator_avalon_universal_slave_0_agent"
Info: nios2_jtag_debug_module_translator_avalon_universal_slave_0_agent_rsp_fifo: "NiosII_SoC" instantiated altera_avalon_sc_fifo "nios2_jtag_debug_module_translator_avalon_universal_slave_0_agent_rsp_fifo"
Info: addr_router: "NiosII_SoC" instantiated altera_merlin_router "addr_router"
Info: addr_router_001: "NiosII_SoC" instantiated altera_merlin_router "addr_router_001"
Info: id_router: "NiosII_SoC" instantiated altera_merlin_router "id_router"
Info: id_router_002: "NiosII_SoC" instantiated altera_merlin_router "id_router_002"
Info: limiter: "NiosII_SoC" instantiated altera_merlin_traffic_limiter "limiter"
Info: rst_controller: "NiosII_SoC" instantiated altera_reset_controller "rst_controller"
Info: cmd_xbar_demux: "NiosII_SoC" instantiated altera_merlin_demultiplexer "cmd_xbar_demux"
Info: cmd_xbar_demux_001: "NiosII_SoC" instantiated altera_merlin_demultiplexer "cmd_xbar_demux_001"
Info: cmd_xbar_mux: "NiosII_SoC" instantiated altera_merlin_multiplexer "cmd_xbar_mux"
Info: rsp_xbar_demux: "NiosII_SoC" instantiated altera_merlin_demultiplexer "rsp_xbar_demux"
Info: rsp_xbar_demux_002: "NiosII_SoC" instantiated altera_merlin_demultiplexer "rsp_xbar_demux_002"
Info: rsp_xbar_mux: "NiosII_SoC" instantiated altera_merlin_multiplexer "rsp_xbar_mux"
Info: Reusing file /home/aszdrick/ufsc/soII/INE5424_FinalProject/hardware/Qsys_NiosII_SoC/NiosII_SoC/synthesis/submodules/altera_merlin_arbitrator.sv
Info: rsp_xbar_mux_001: "NiosII_SoC" instantiated altera_merlin_multiplexer "rsp_xbar_mux_001"
Info: Reusing file /home/aszdrick/ufsc/soII/INE5424_FinalProject/hardware/Qsys_NiosII_SoC/NiosII_SoC/synthesis/submodules/altera_merlin_arbitrator.sv
Info: irq_mapper: "NiosII_SoC" instantiated altera_irq_mapper "irq_mapper"
Info: NiosII_SoC: Done NiosII_SoC" with 24 modules, 72 files, 1553823 bytes
Info: ip-generate succeeded.
Info: Finished: Create HDL design files for synthesis
